TN:
SF:controllers\userController.js
FN:11,(anonymous_0)
FN:15,isDomainValid
FN:16,(anonymous_2)
FN:18,(anonymous_3)
FN:28,(anonymous_4)
FN:69,(anonymous_5)
FN:95,(anonymous_6)
FN:113,(anonymous_7)
FN:140,(anonymous_8)
FN:162,(anonymous_9)
FN:177,(anonymous_10)
FN:208,(anonymous_11)
FNF:12
FNH:12
FNDA:2,(anonymous_0)
FNDA:4,isDomainValid
FNDA:4,(anonymous_2)
FNDA:4,(anonymous_3)
FNDA:5,(anonymous_4)
FNDA:2,(anonymous_5)
FNDA:4,(anonymous_6)
FNDA:5,(anonymous_7)
FNDA:3,(anonymous_8)
FNDA:2,(anonymous_9)
FNDA:4,(anonymous_10)
FNDA:5,(anonymous_11)
DA:1,1
DA:2,1
DA:3,1
DA:4,1
DA:5,1
DA:6,1
DA:7,1
DA:8,1
DA:9,1
DA:11,1
DA:12,2
DA:16,4
DA:17,4
DA:18,4
DA:19,4
DA:20,1
DA:22,3
DA:28,1
DA:29,5
DA:30,5
DA:31,5
DA:32,5
DA:33,1
DA:36,4
DA:37,4
DA:38,1
DA:40,3
DA:41,1
DA:44,2
DA:50,2
DA:53,1
DA:58,1
DA:60,1
DA:63,1
DA:64,1
DA:69,1
DA:70,2
DA:71,2
DA:81,1
DA:88,1
DA:89,1
DA:91,1
DA:95,1
DA:96,4
DA:97,4
DA:98,4
DA:99,3
DA:100,3
DA:101,1
DA:104,2
DA:105,2
DA:107,1
DA:108,1
DA:113,1
DA:114,5
DA:115,5
DA:116,5
DA:117,4
DA:118,1
DA:120,3
DA:121,1
DA:123,2
DA:124,2
DA:125,1
DA:127,1
DA:131,1
DA:132,1
DA:134,1
DA:135,1
DA:140,1
DA:141,3
DA:143,3
DA:154,2
DA:162,2
DA:163,2
DA:164,1
DA:167,1
DA:171,1
DA:172,1
DA:173,1
DA:177,1
DA:178,4
DA:179,4
DA:180,4
DA:182,4
DA:183,1
DA:185,3
DA:186,1
DA:188,2
DA:189,2
DA:190,1
DA:191,1
DA:195,1
DA:198,1
DA:199,1
DA:202,1
DA:203,1
DA:208,1
DA:209,5
DA:211,5
DA:213,5
DA:214,5
DA:215,4
DA:216,4
DA:217,1
DA:219,3
DA:220,3
DA:221,1
DA:223,2
DA:224,2
DA:225,1
DA:226,1
DA:229,1
DA:233,1
DA:234,1
DA:238,1
LF:116
LH:116
BRDA:12,0,0,2
BRDA:12,0,1,1
BRDA:19,1,0,1
BRDA:19,1,1,3
BRDA:19,2,0,4
BRDA:19,2,1,4
BRDA:19,2,2,4
BRDA:32,3,0,1
BRDA:32,3,1,4
BRDA:37,4,0,1
BRDA:37,4,1,3
BRDA:40,5,0,1
BRDA:40,5,1,2
BRDA:100,6,0,1
BRDA:100,6,1,2
BRDA:104,7,0,1
BRDA:104,7,1,1
BRDA:117,8,0,1
BRDA:117,8,1,3
BRDA:120,9,0,1
BRDA:120,9,1,2
BRDA:124,10,0,1
BRDA:124,10,1,1
BRDA:163,11,0,1
BRDA:163,11,1,1
BRDA:182,12,0,1
BRDA:182,12,1,3
BRDA:185,13,0,1
BRDA:185,13,1,2
BRDA:185,14,0,3
BRDA:185,14,1,1
BRDA:185,14,2,2
BRDA:185,14,3,2
BRDA:189,15,0,1
BRDA:189,15,1,1
BRDA:214,16,0,4
BRDA:214,16,1,1
BRDA:216,17,0,1
BRDA:216,17,1,3
BRDA:220,18,0,1
BRDA:220,18,1,2
BRF:41
BRH:41
end_of_record
